<?xml version="1.0" encoding="UTF-8"?>
<!-- Generated by org.testng.reporters.JUnitXMLReporter -->
<testsuite hostname="DESKTOP-I2FKUVF" ignored="0" name="LoginTest" tests="3" failures="0" timestamp="08 Jul 2018 05:10:48 GMT" time="0.047" errors="0">
  <testcase name="doLogin" time="0.015" classname="testNgLearning.OneLoginTest"/>
  <testcase name="composeEmail" time="0.0" classname="testNgLearning.OneLoginTest"/>
  <testcase name="checkinbox" time="0.016" classname="testNgLearning.OneLoginTest"/>
</testsuite> <!-- LoginTest -->
