<?xml version="1.0" encoding="UTF-8"?>
<!-- Generated by org.testng.reporters.JUnitXMLReporter -->
<testsuite hostname="DESKTOP-I2FKUVF" ignored="2" name="TestDependencies" tests="1" failures="0" timestamp="08 Jul 2018 05:10:48 GMT" time="0.0" errors="0">
  <testcase name="isSkip" time="0.0" classname="testNgLearning.ThreeTestDependencies">
    <skipped/>
  </testcase> <!-- isSkip -->
  <testcase name="composeEmail" time="0.0" classname="testNgLearning.ThreeTestDependencies">
    <ignored/>
  </testcase> <!-- composeEmail -->
  <testcase name="doLogin" time="0.0" classname="testNgLearning.ThreeTestDependencies">
    <ignored/>
  </testcase> <!-- doLogin -->
</testsuite> <!-- TestDependencies -->
