<?xml version="1.0" encoding="UTF-8"?>
<!-- Generated by org.testng.reporters.JUnitXMLReporter -->
<testsuite hostname="DESKTOP-I2FKUVF" ignored="0" name="ValidateButtonTest" tests="1" failures="1" timestamp="08 Jul 2018 05:17:22 GMT" time="0.015" errors="0">
  <testcase name="validateButton" time="0.0" classname="testNgLearning.TwovalidateButtonTest">
    <failure type="java.lang.AssertionError" message="expected [ok] but found [submit]">
      <![CDATA[java.lang.AssertionError: expected [ok] but found [submit]
at testNgLearning.TwovalidateButtonTest.validateButton(TwovalidateButtonTest.java:23)
... Removed 34 stack frames]]>
    </failure>
  </testcase> <!-- validateButton -->
</testsuite> <!-- ValidateButtonTest -->
