<?xml version="1.0" encoding="UTF-8"?>
<testsuite name="TestSuite" time="0.015" tests="5" errors="0" skipped="1" failures="1">
  <properties>
[...]
</properties>
  <testcase name="doLogin" classname="testNgLearning.OneLoginTest" time="0"/>
  <testcase name="composeEmail" classname="testNgLearning.OneLoginTest" time="0"/>
  <testcase name="checkinbox" classname="testNgLearning.OneLoginTest" time="0"/>
  <testcase name="validateButton" classname="testNgLearning.TwovalidateButtonTest" time="0.015">
    <failure message="expected [ok] but found [submit]" type="java.lang.AssertionError">java.lang.AssertionError: expected [ok] but found [submit]
	at org.testng.Assert.fail(Assert.java:96)
	at org.testng.Assert.failNotEquals(Assert.java:776)
	at org.testng.Assert.assertEqualsImpl(Assert.java:137)
	at org.testng.Assert.assertEquals(Assert.java:118)
	at org.testng.Assert.assertEquals(Assert.java:453)
	at org.testng.Assert.assertEquals(Assert.java:463)
	at testNgLearning.TwovalidateButtonTest.validateButton(TwovalidateButtonTest.java:23)
</failure>
    <system-out><![CDATA[PASS !! PASS!! PASS!!
AfterMethod-This will execute after every Method
AfterClass-This will  run after the last test method in the current class is invoked.
AfterTest-This will execute after the Test
]]></system-out>
  </testcase>
  <testcase name="isSkip" classname="testNgLearning.ThreeTestDependencies" time="0">
    <skipped/>
    <system-out><![CDATA[ScreenshotCaptured
]]></system-out>
  </testcase>
</testsuite>